<?xml version="1.0" encoding="UTF-8"?>
<coverage generated="1760899539698" clover="3.2.0">
  <project timestamp="1760899539698" name="All files">
    <metrics statements="341" coveredstatements="253" conditionals="136" coveredconditionals="94" methods="39" coveredmethods="29" elements="516" coveredelements="376" complexity="0" loc="341" ncloc="341" packages="1" files="3" classes="3"/>
    <file name="index.js" path="C:\workspace\projects\rgbead-scraper\index.js">
      <metrics statements="114" coveredstatements="47" conditionals="28" coveredconditionals="2" methods="12" coveredmethods="3"/>
      <line num="1" count="1" type="stmt"/>
      <line num="2" count="1" type="stmt"/>
      <line num="3" count="1" type="stmt"/>
      <line num="4" count="1" type="stmt"/>
      <line num="5" count="1" type="stmt"/>
      <line num="6" count="1" type="stmt"/>
      <line num="7" count="1" type="stmt"/>
      <line num="8" count="1" type="stmt"/>
      <line num="9" count="1" type="stmt"/>
      <line num="11" count="1" type="stmt"/>
      <line num="12" count="1" type="stmt"/>
      <line num="14" count="1" type="stmt"/>
      <line num="15" count="1" type="stmt"/>
      <line num="17" count="1" type="stmt"/>
      <line num="19" count="1" type="stmt"/>
      <line num="20" count="5" type="stmt"/>
      <line num="21" count="5" type="stmt"/>
      <line num="22" count="5" type="stmt"/>
      <line num="23" count="5" type="stmt"/>
      <line num="24" count="2" type="stmt"/>
      <line num="25" count="2" type="stmt"/>
      <line num="30" count="2" type="stmt"/>
      <line num="31" count="2" type="stmt"/>
      <line num="32" count="2" type="stmt"/>
      <line num="33" count="2" type="stmt"/>
      <line num="35" count="2" type="stmt"/>
      <line num="39" count="1" type="stmt"/>
      <line num="40" count="1" type="stmt"/>
      <line num="42" count="1" type="stmt"/>
      <line num="49" count="1" type="stmt"/>
      <line num="51" count="4" type="stmt"/>
      <line num="55" count="1" type="stmt"/>
      <line num="56" count="3" type="stmt"/>
      <line num="57" count="3" type="stmt"/>
      <line num="58" count="3" type="cond" truecount="2" falsecount="2"/>
      <line num="59" count="3" type="stmt"/>
      <line num="63" count="0" type="cond" truecount="0" falsecount="2"/>
      <line num="64" count="0" type="stmt"/>
      <line num="66" count="0" type="stmt"/>
      <line num="67" count="0" type="stmt"/>
      <line num="68" count="0" type="stmt"/>
      <line num="73" count="0" type="stmt"/>
      <line num="74" count="0" type="stmt"/>
      <line num="76" count="0" type="stmt"/>
      <line num="81" count="0" type="stmt"/>
      <line num="89" count="0" type="stmt"/>
      <line num="90" count="0" type="stmt"/>
      <line num="95" count="0" type="stmt"/>
      <line num="96" count="0" type="stmt"/>
      <line num="98" count="0" type="stmt"/>
      <line num="99" count="0" type="stmt"/>
      <line num="100" count="0" type="stmt"/>
      <line num="102" count="0" type="stmt"/>
      <line num="103" count="0" type="stmt"/>
      <line num="108" count="0" type="stmt"/>
      <line num="109" count="0" type="stmt"/>
      <line num="110" count="0" type="stmt"/>
      <line num="112" count="0" type="stmt"/>
      <line num="117" count="0" type="stmt"/>
      <line num="119" count="0" type="stmt"/>
      <line num="123" count="1" type="stmt"/>
      <line num="124" count="0" type="stmt"/>
      <line num="125" count="0" type="cond" truecount="0" falsecount="2"/>
      <line num="126" count="0" type="stmt"/>
      <line num="135" count="0" type="stmt"/>
      <line num="136" count="0" type="stmt"/>
      <line num="140" count="0" type="cond" truecount="0" falsecount="2"/>
      <line num="143" count="0" type="cond" truecount="0" falsecount="2"/>
      <line num="146" count="0" type="cond" truecount="0" falsecount="2"/>
      <line num="150" count="0" type="stmt"/>
      <line num="151" count="0" type="stmt"/>
      <line num="152" count="0" type="cond" truecount="0" falsecount="2"/>
      <line num="153" count="0" type="stmt"/>
      <line num="156" count="0" type="stmt"/>
      <line num="158" count="0" type="cond" truecount="0" falsecount="4"/>
      <line num="159" count="0" type="stmt"/>
      <line num="164" count="0" type="stmt"/>
      <line num="166" count="0" type="stmt"/>
      <line num="167" count="0" type="stmt"/>
      <line num="171" count="1" type="stmt"/>
      <line num="172" count="2" type="stmt"/>
      <line num="174" count="2" type="stmt"/>
      <line num="176" count="2" type="stmt"/>
      <line num="177" count="2" type="stmt"/>
      <line num="179" count="1" type="stmt"/>
      <line num="181" count="1" type="stmt"/>
      <line num="182" count="0" type="stmt"/>
      <line num="184" count="0" type="stmt"/>
      <line num="185" count="0" type="stmt"/>
      <line num="186" count="0" type="stmt"/>
      <line num="189" count="0" type="stmt"/>
      <line num="190" count="0" type="stmt"/>
      <line num="191" count="0" type="cond" truecount="0" falsecount="4"/>
      <line num="193" count="0" type="stmt"/>
      <line num="194" count="0" type="stmt"/>
      <line num="196" count="0" type="stmt"/>
      <line num="197" count="0" type="stmt"/>
      <line num="198" count="0" type="stmt"/>
      <line num="200" count="0" type="stmt"/>
      <line num="201" count="0" type="stmt"/>
      <line num="202" count="0" type="stmt"/>
      <line num="204" count="0" type="stmt"/>
      <line num="205" count="0" type="stmt"/>
      <line num="206" count="0" type="stmt"/>
      <line num="207" count="0" type="stmt"/>
      <line num="208" count="0" type="stmt"/>
      <line num="210" count="0" type="stmt"/>
      <line num="213" count="0" type="cond" truecount="0" falsecount="4"/>
      <line num="214" count="0" type="stmt"/>
      <line num="216" count="0" type="stmt"/>
      <line num="217" count="0" type="stmt"/>
      <line num="219" count="2" type="stmt"/>
      <line num="220" count="2" type="stmt"/>
      <line num="224" count="1" type="stmt"/>
    </file>
    <file name="kd-tree.js" path="C:\workspace\projects\rgbead-scraper\kd-tree.js">
      <metrics statements="89" coveredstatements="81" conditionals="67" coveredconditionals="53" methods="7" coveredmethods="7"/>
      <line num="6" count="91545" type="stmt"/>
      <line num="9" count="91545" type="cond" truecount="2" falsecount="0"/>
      <line num="10" count="13003" type="stmt"/>
      <line num="11" count="13003" type="stmt"/>
      <line num="12" count="13003" type="stmt"/>
      <line num="13" count="13003" type="stmt"/>
      <line num="16" count="78542" type="cond" truecount="2" falsecount="0"/>
      <line num="17" count="32779" type="stmt"/>
      <line num="18" count="32779" type="stmt"/>
      <line num="19" count="32779" type="stmt"/>
      <line num="20" count="32779" type="stmt"/>
      <line num="21" count="32779" type="stmt"/>
      <line num="25" count="4556421" type="stmt"/>
      <line num="26" count="45763" type="stmt"/>
      <line num="29" count="45763" type="stmt"/>
      <line num="30" count="45763" type="stmt"/>
      <line num="31" count="45763" type="stmt"/>
      <line num="35" count="2" type="stmt"/>
      <line num="36" count="2" type="stmt"/>
      <line num="37" count="2" type="stmt"/>
      <line num="38" count="2" type="stmt"/>
      <line num="42" count="328" type="stmt"/>
      <line num="46" count="984" type="stmt"/>
      <line num="52" count="164" type="stmt"/>
      <line num="53" count="164" type="stmt"/>
      <line num="54" count="164" type="stmt"/>
      <line num="55" count="164" type="stmt"/>
      <line num="56" count="164" type="stmt"/>
      <line num="57" count="164" type="stmt"/>
      <line num="59" count="164" type="stmt"/>
      <line num="60" count="164" type="stmt"/>
      <line num="63" count="164" type="cond" truecount="2" falsecount="2"/>
      <line num="64" count="0" type="stmt"/>
      <line num="66" count="164" type="stmt"/>
      <line num="67" count="164" type="cond" truecount="2" falsecount="0"/>
      <line num="68" count="1" type="stmt"/>
      <line num="73" count="164" type="cond" truecount="2" falsecount="2"/>
      <line num="74" count="0" type="stmt"/>
      <line num="76" count="164" type="stmt"/>
      <line num="77" count="164" type="cond" truecount="2" falsecount="0"/>
      <line num="78" count="1" type="stmt"/>
      <line num="83" count="164" type="stmt"/>
      <line num="84" count="164" type="stmt"/>
      <line num="85" count="164" type="stmt"/>
      <line num="86" count="164" type="stmt"/>
      <line num="88" count="164" type="cond" truecount="1" falsecount="1"/>
      <line num="89" count="0" type="stmt"/>
      <line num="90" count="164" type="cond" truecount="4" falsecount="0"/>
      <line num="91" count="163" type="stmt"/>
      <line num="92" count="1" type="cond" truecount="3" falsecount="1"/>
      <line num="93" count="0" type="stmt"/>
      <line num="94" count="1" type="cond" truecount="3" falsecount="1"/>
      <line num="95" count="0" type="stmt"/>
      <line num="97" count="164" type="stmt"/>
      <line num="101" count="164" type="stmt"/>
      <line num="102" count="164" type="stmt"/>
      <line num="104" count="164" type="cond" truecount="4" falsecount="0"/>
      <line num="105" count="163" type="stmt"/>
      <line num="106" count="1" type="cond" truecount="2" falsecount="3"/>
      <line num="107" count="0" type="stmt"/>
      <line num="108" count="1" type="cond" truecount="2" falsecount="3"/>
      <line num="109" count="0" type="stmt"/>
      <line num="110" count="1" type="cond" truecount="1" falsecount="1"/>
      <line num="111" count="0" type="stmt"/>
      <line num="114" count="164" type="stmt"/>
      <line num="117" count="164" type="stmt"/>
      <line num="118" count="164" type="stmt"/>
      <line num="120" count="164" type="stmt"/>
      <line num="121" count="164" type="stmt"/>
      <line num="122" count="164" type="stmt"/>
      <line num="123" count="164" type="stmt"/>
      <line num="124" count="164" type="stmt"/>
      <line num="126" count="164" type="stmt"/>
      <line num="127" count="164" type="stmt"/>
      <line num="147" count="164" type="stmt"/>
      <line num="156" count="170" type="cond" truecount="2" falsecount="0"/>
      <line num="158" count="7" type="stmt"/>
      <line num="160" count="163" type="stmt"/>
      <line num="161" count="163" type="stmt"/>
      <line num="164" count="163" type="cond" truecount="2" falsecount="0"/>
      <line num="166" count="18" type="stmt"/>
      <line num="169" count="163" type="cond" truecount="2" falsecount="0"/>
      <line num="170" count="163" type="cond" truecount="2" falsecount="0"/>
      <line num="173" count="163" type="cond" truecount="2" falsecount="0"/>
      <line num="174" count="140" type="stmt"/>
      <line num="182" count="163" type="cond" truecount="2" falsecount="0"/>
      <line num="186" count="22" type="stmt"/>
      <line num="193" count="163" type="stmt"/>
      <line num="197" count="2" type="stmt"/>
    </file>
    <file name="matrix-transformations.js" path="C:\workspace\projects\rgbead-scraper\matrix-transformations.js">
      <metrics statements="138" coveredstatements="125" conditionals="41" coveredconditionals="39" methods="20" coveredmethods="19"/>
      <line num="1" count="1" type="stmt"/>
      <line num="5" count="5" type="stmt"/>
      <line num="6" count="5" type="stmt"/>
      <line num="7" count="10010" type="stmt"/>
      <line num="8" count="10010" type="stmt"/>
      <line num="9" count="10010" type="stmt"/>
      <line num="10" count="10010" type="stmt"/>
      <line num="11" count="10010" type="stmt"/>
      <line num="13" count="10010" type="cond" truecount="2" falsecount="0"/>
      <line num="14" count="10008" type="stmt"/>
      <line num="17" count="5" type="stmt"/>
      <line num="21" count="5" type="cond" truecount="4" falsecount="0"/>
      <line num="22" count="1" type="stmt"/>
      <line num="25" count="4" type="stmt"/>
      <line num="26" count="4" type="stmt"/>
      <line num="27" count="4" type="stmt"/>
      <line num="28" count="4" type="stmt"/>
      <line num="31" count="4" type="cond" truecount="2" falsecount="0"/>
      <line num="32" count="2" type="stmt"/>
      <line num="33" count="4" type="stmt"/>
      <line num="34" count="4" type="stmt"/>
      <line num="35" count="4" type="stmt"/>
      <line num="36" count="4" type="stmt"/>
      <line num="41" count="4" type="cond" truecount="2" falsecount="0"/>
      <line num="42" count="2" type="stmt"/>
      <line num="43" count="4" type="stmt"/>
      <line num="44" count="4" type="stmt"/>
      <line num="45" count="4" type="stmt"/>
      <line num="50" count="4" type="cond" truecount="2" falsecount="0"/>
      <line num="55" count="9" type="cond" truecount="2" falsecount="0"/>
      <line num="59" count="9" type="cond" truecount="2" falsecount="0"/>
      <line num="61" count="1" type="stmt"/>
      <line num="64" count="8" type="cond" truecount="2" falsecount="0"/>
      <line num="68" count="16" type="cond" truecount="2" falsecount="0"/>
      <line num="70" count="1" type="stmt"/>
      <line num="73" count="7" type="stmt"/>
      <line num="78" count="7" type="stmt"/>
      <line num="79" count="7" type="stmt"/>
      <line num="80" count="7" type="stmt"/>
      <line num="83" count="7" type="cond" truecount="2" falsecount="0"/>
      <line num="86" count="7" type="stmt"/>
      <line num="89" count="7" type="stmt"/>
      <line num="90" count="51" type="stmt"/>
      <line num="94" count="7" type="stmt"/>
      <line num="95" count="21" type="stmt"/>
      <line num="96" count="51" type="cond" truecount="2" falsecount="0"/>
      <line num="102" count="7" type="stmt"/>
      <line num="103" count="7" type="stmt"/>
      <line num="104" count="7" type="stmt"/>
      <line num="107" count="7" type="stmt"/>
      <line num="109" count="21" type="stmt"/>
      <line num="112" count="7" type="stmt"/>
      <line num="113" count="21" type="stmt"/>
      <line num="114" count="51" type="stmt"/>
      <line num="116" count="153" type="stmt"/>
      <line num="122" count="7" type="stmt"/>
      <line num="126" count="17" type="cond" truecount="2" falsecount="0"/>
      <line num="130" count="5" type="stmt"/>
      <line num="133" count="5" type="stmt"/>
      <line num="138" count="5" type="stmt"/>
      <line num="139" count="5" type="stmt"/>
      <line num="140" count="5" type="stmt"/>
      <line num="143" count="5" type="stmt"/>
      <line num="144" count="5" type="stmt"/>
      <line num="145" count="5" type="stmt"/>
      <line num="148" count="5" type="stmt"/>
      <line num="149" count="5" type="stmt"/>
      <line num="150" count="5" type="stmt"/>
      <line num="152" count="5" type="stmt"/>
      <line num="156" count="3" type="stmt"/>
      <line num="157" count="2" type="stmt"/>
      <line num="158" count="2" type="stmt"/>
      <line num="160" count="2" type="stmt"/>
      <line num="163" count="2" type="stmt"/>
      <line num="164" count="6" type="cond" truecount="1" falsecount="1"/>
      <line num="167" count="2" type="stmt"/>
      <line num="168" count="2" type="stmt"/>
      <line num="169" count="2" type="stmt"/>
      <line num="172" count="2" type="stmt"/>
      <line num="173" count="2" type="stmt"/>
      <line num="174" count="2" type="stmt"/>
      <line num="177" count="2" type="stmt"/>
      <line num="178" count="2" type="stmt"/>
      <line num="179" count="2" type="stmt"/>
      <line num="183" count="2" type="stmt"/>
      <line num="187" count="2" type="stmt"/>
      <line num="190" count="2" type="stmt"/>
      <line num="197" count="2" type="stmt"/>
      <line num="198" count="2" type="stmt"/>
      <line num="199" count="2" type="stmt"/>
      <line num="202" count="2" type="stmt"/>
      <line num="203" count="6" type="cond" truecount="1" falsecount="1"/>
      <line num="206" count="2" type="stmt"/>
      <line num="207" count="2" type="stmt"/>
      <line num="208" count="2" type="stmt"/>
      <line num="217" count="2" type="stmt"/>
      <line num="226" count="2" type="stmt"/>
      <line num="229" count="2" type="stmt"/>
      <line num="232" count="1" type="stmt"/>
      <line num="233" count="1" type="stmt"/>
      <line num="235" count="1" type="stmt"/>
      <line num="236" count="1" type="stmt"/>
      <line num="239" count="1" type="stmt"/>
      <line num="240" count="1" type="stmt"/>
      <line num="241" count="2" type="stmt"/>
      <line num="242" count="2" type="stmt"/>
      <line num="243" count="6" type="stmt"/>
      <line num="245" count="2" type="stmt"/>
      <line num="250" count="2" type="stmt"/>
      <line num="252" count="2" type="stmt"/>
      <line num="256" count="1" type="stmt"/>
      <line num="257" count="1" type="stmt"/>
      <line num="258" count="2" type="stmt"/>
      <line num="259" count="2" type="stmt"/>
      <line num="260" count="6" type="stmt"/>
      <line num="262" count="2" type="stmt"/>
      <line num="267" count="2" type="stmt"/>
      <line num="269" count="2" type="stmt"/>
      <line num="274" count="1" type="stmt"/>
      <line num="276" count="1" type="stmt"/>
      <line num="277" count="1" type="stmt"/>
      <line num="278" count="1" type="stmt"/>
      <line num="279" count="1" type="stmt"/>
      <line num="281" count="1" type="stmt"/>
      <line num="282" count="0" type="stmt"/>
      <line num="287" count="0" type="stmt"/>
      <line num="290" count="0" type="stmt"/>
      <line num="291" count="0" type="stmt"/>
      <line num="293" count="0" type="stmt"/>
      <line num="294" count="0" type="stmt"/>
      <line num="295" count="0" type="stmt"/>
      <line num="298" count="0" type="stmt"/>
      <line num="299" count="0" type="stmt"/>
      <line num="300" count="0" type="stmt"/>
      <line num="303" count="0" type="stmt"/>
      <line num="306" count="0" type="stmt"/>
      <line num="313" count="0" type="stmt"/>
      <line num="316" count="1" type="stmt"/>
    </file>
  </project>
</coverage>
