{"C:\\workspace\\projects\\rgbead-scraper\\index.js": {"path":"C:\\workspace\\projects\\rgbead-scraper\\index.js","statementMap":{"0":{"start":{"line":1,"column":16},"end":{"line":1,"column":34}},"1":{"start":{"line":2,"column":14},"end":{"line":2,"column":30}},"2":{"start":{"line":3,"column":16},"end":{"line":3,"column":34}},"3":{"start":{"line":4,"column":13},"end":{"line":4,"column":28}},"4":{"start":{"line":5,"column":14},"end":{"line":5,"column":30}},"5":{"start":{"line":6,"column":15},"end":{"line":6,"column":32}},"6":{"start":{"line":7,"column":11},"end":{"line":7,"column":24}},"7":{"start":{"line":8,"column":13},"end":{"line":8,"column":28}},"8":{"start":{"line":9,"column":25},"end":{"line":9,"column":60}},"9":{"start":{"line":11,"column":12},"end":{"line":11,"column":21}},"10":{"start":{"line":12,"column":15},"end":{"line":12,"column":23}},"11":{"start":{"line":14,"column":0},"end":{"line":14,"column":16}},"12":{"start":{"line":15,"column":0},"end":{"line":15,"column":24}},"13":{"start":{"line":17,"column":20},"end":{"line":17,"column":24}},"14":{"start":{"line":19,"column":0},"end":{"line":53,"column":3}},"15":{"start":{"line":20,"column":2},"end":{"line":20,"column":63}},"16":{"start":{"line":21,"column":19},"end":{"line":21,"column":54}},"17":{"start":{"line":22,"column":2},"end":{"line":52,"column":3}},"18":{"start":{"line":23,"column":24},"end":{"line":23,"column":56}},"19":{"start":{"line":24,"column":18},"end":{"line":24,"column":36}},"20":{"start":{"line":25,"column":27},"end":{"line":28,"column":44}},"21":{"start":{"line":30,"column":30},"end":{"line":30,"column":34}},"22":{"start":{"line":31,"column":19},"end":{"line":31,"column":35}},"23":{"start":{"line":32,"column":4},"end":{"line":32,"column":38}},"24":{"start":{"line":33,"column":4},"end":{"line":33,"column":50}},"25":{"start":{"line":35,"column":53},"end":{"line":38,"column":5}},"26":{"start":{"line":39,"column":4},"end":{"line":39,"column":51}},"27":{"start":{"line":40,"column":4},"end":{"line":40,"column":57}},"28":{"start":{"line":42,"column":4},"end":{"line":48,"column":7}},"29":{"start":{"line":49,"column":4},"end":{"line":49,"column":56}},"30":{"start":{"line":51,"column":4},"end":{"line":51,"column":55}},"31":{"start":{"line":55,"column":0},"end":{"line":92,"column":3}},"32":{"start":{"line":56,"column":2},"end":{"line":56,"column":55}},"33":{"start":{"line":57,"column":2},"end":{"line":91,"column":3}},"34":{"start":{"line":58,"column":4},"end":{"line":62,"column":5}},"35":{"start":{"line":59,"column":6},"end":{"line":61,"column":70}},"36":{"start":{"line":63,"column":4},"end":{"line":65,"column":5}},"37":{"start":{"line":64,"column":6},"end":{"line":64,"column":66}},"38":{"start":{"line":66,"column":24},"end":{"line":66,"column":39}},"39":{"start":{"line":67,"column":18},"end":{"line":67,"column":36}},"40":{"start":{"line":68,"column":27},"end":{"line":71,"column":44}},"41":{"start":{"line":73,"column":30},"end":{"line":73,"column":34}},"42":{"start":{"line":74,"column":19},"end":{"line":74,"column":35}},"43":{"start":{"line":76,"column":53},"end":{"line":79,"column":5}},"44":{"start":{"line":81,"column":4},"end":{"line":87,"column":7}},"45":{"start":{"line":89,"column":4},"end":{"line":89,"column":25}},"46":{"start":{"line":90,"column":4},"end":{"line":90,"column":59}},"47":{"start":{"line":95,"column":2},"end":{"line":120,"column":3}},"48":{"start":{"line":96,"column":25},"end":{"line":106,"column":5}},"49":{"start":{"line":98,"column":8},"end":{"line":104,"column":9}},"50":{"start":{"line":99,"column":23},"end":{"line":99,"column":63}},"51":{"start":{"line":100,"column":10},"end":{"line":100,"column":22}},"52":{"start":{"line":102,"column":10},"end":{"line":102,"column":55}},"53":{"start":{"line":103,"column":10},"end":{"line":103,"column":22}},"54":{"start":{"line":108,"column":21},"end":{"line":110,"column":38}},"55":{"start":{"line":109,"column":24},"end":{"line":109,"column":37}},"56":{"start":{"line":110,"column":21},"end":{"line":110,"column":37}},"57":{"start":{"line":112,"column":28},"end":{"line":112,"column":79}},"58":{"start":{"line":112,"column":59},"end":{"line":112,"column":77}},"59":{"start":{"line":117,"column":4},"end":{"line":117,"column":27}},"60":{"start":{"line":119,"column":4},"end":{"line":119,"column":60}},"61":{"start":{"line":123,"column":0},"end":{"line":169,"column":3}},"62":{"start":{"line":124,"column":2},"end":{"line":168,"column":3}},"63":{"start":{"line":125,"column":4},"end":{"line":129,"column":5}},"64":{"start":{"line":126,"column":6},"end":{"line":128,"column":71}},"65":{"start":{"line":135,"column":8},"end":{"line":135,"column":31}},"66":{"start":{"line":136,"column":21},"end":{"line":136,"column":38}},"67":{"start":{"line":140,"column":20},"end":{"line":142,"column":17}},"68":{"start":{"line":143,"column":20},"end":{"line":145,"column":17}},"69":{"start":{"line":146,"column":21},"end":{"line":148,"column":17}},"70":{"start":{"line":150,"column":22},"end":{"line":150,"column":50}},"71":{"start":{"line":151,"column":4},"end":{"line":151,"column":48}},"72":{"start":{"line":152,"column":4},"end":{"line":154,"column":5}},"73":{"start":{"line":153,"column":6},"end":{"line":153,"column":65}},"74":{"start":{"line":156,"column":4},"end":{"line":156,"column":51}},"75":{"start":{"line":158,"column":4},"end":{"line":162,"column":5}},"76":{"start":{"line":159,"column":6},"end":{"line":161,"column":70}},"77":{"start":{"line":164,"column":4},"end":{"line":164,"column":40}},"78":{"start":{"line":166,"column":4},"end":{"line":166,"column":25}},"79":{"start":{"line":167,"column":4},"end":{"line":167,"column":61}},"80":{"start":{"line":171,"column":0},"end":{"line":222,"column":3}},"81":{"start":{"line":172,"column":2},"end":{"line":172,"column":56}},"82":{"start":{"line":174,"column":2},"end":{"line":221,"column":3}},"83":{"start":{"line":176,"column":6},"end":{"line":176,"column":181}},"84":{"start":{"line":177,"column":21},"end":{"line":177,"column":41}},"85":{"start":{"line":179,"column":14},"end":{"line":179,"column":32}},"86":{"start":{"line":181,"column":4},"end":{"line":212,"column":7}},"87":{"start":{"line":182,"column":18},"end":{"line":182,"column":23}},"88":{"start":{"line":184,"column":20},"end":{"line":184,"column":69}},"89":{"start":{"line":184,"column":37},"end":{"line":184,"column":68}},"90":{"start":{"line":185,"column":27},"end":{"line":185,"column":29}},"91":{"start":{"line":186,"column":28},"end":{"line":186,"column":30}},"92":{"start":{"line":189,"column":6},"end":{"line":211,"column":9}},"93":{"start":{"line":190,"column":25},"end":{"line":190,"column":44}},"94":{"start":{"line":191,"column":8},"end":{"line":209,"column":9}},"95":{"start":{"line":193,"column":12},"end":{"line":193,"column":41}},"96":{"start":{"line":194,"column":12},"end":{"line":194,"column":18}},"97":{"start":{"line":196,"column":12},"end":{"line":196,"column":38}},"98":{"start":{"line":197,"column":12},"end":{"line":197,"column":47}},"99":{"start":{"line":198,"column":12},"end":{"line":198,"column":18}},"100":{"start":{"line":200,"column":12},"end":{"line":200,"column":38}},"101":{"start":{"line":201,"column":12},"end":{"line":201,"column":47}},"102":{"start":{"line":202,"column":12},"end":{"line":202,"column":18}},"103":{"start":{"line":204,"column":12},"end":{"line":204,"column":38}},"104":{"start":{"line":205,"column":12},"end":{"line":205,"column":47}},"105":{"start":{"line":206,"column":29},"end":{"line":206,"column":51}},"106":{"start":{"line":207,"column":12},"end":{"line":207,"column":40}},"107":{"start":{"line":208,"column":12},"end":{"line":208,"column":18}},"108":{"start":{"line":210,"column":8},"end":{"line":210,"column":41}},"109":{"start":{"line":213,"column":4},"end":{"line":215,"column":5}},"110":{"start":{"line":214,"column":6},"end":{"line":214,"column":68}},"111":{"start":{"line":216,"column":4},"end":{"line":216,"column":40}},"112":{"start":{"line":217,"column":4},"end":{"line":217,"column":57}},"113":{"start":{"line":219,"column":4},"end":{"line":219,"column":42}},"114":{"start":{"line":220,"column":4},"end":{"line":220,"column":61}},"115":{"start":{"line":224,"column":0},"end":{"line":224,"column":21}}},"fnMap":{"0":{"name":"(anonymous_0)","decl":{"start":{"line":19,"column":30},"end":{"line":19,"column":31}},"loc":{"start":{"line":19,"column":50},"end":{"line":53,"column":1}},"line":19},"1":{"name":"(anonymous_1)","decl":{"start":{"line":55,"column":54},"end":{"line":55,"column":55}},"loc":{"start":{"line":55,"column":74},"end":{"line":92,"column":1}},"line":55},"2":{"name":"readJSONFiles","decl":{"start":{"line":94,"column":15},"end":{"line":94,"column":28}},"loc":{"start":{"line":94,"column":36},"end":{"line":121,"column":1}},"line":94},"3":{"name":"(anonymous_3)","decl":{"start":{"line":97,"column":16},"end":{"line":97,"column":17}},"loc":{"start":{"line":97,"column":32},"end":{"line":105,"column":7}},"line":97},"4":{"name":"(anonymous_4)","decl":{"start":{"line":109,"column":14},"end":{"line":109,"column":15}},"loc":{"start":{"line":109,"column":24},"end":{"line":109,"column":37}},"line":109},"5":{"name":"(anonymous_5)","decl":{"start":{"line":110,"column":11},"end":{"line":110,"column":12}},"loc":{"start":{"line":110,"column":21},"end":{"line":110,"column":37}},"line":110},"6":{"name":"(anonymous_6)","decl":{"start":{"line":112,"column":44},"end":{"line":112,"column":45}},"loc":{"start":{"line":112,"column":59},"end":{"line":112,"column":77}},"line":112},"7":{"name":"(anonymous_7)","decl":{"start":{"line":123,"column":33},"end":{"line":123,"column":34}},"loc":{"start":{"line":123,"column":53},"end":{"line":169,"column":1}},"line":123},"8":{"name":"(anonymous_8)","decl":{"start":{"line":171,"column":23},"end":{"line":171,"column":24}},"loc":{"start":{"line":171,"column":43},"end":{"line":222,"column":1}},"line":171},"9":{"name":"(anonymous_9)","decl":{"start":{"line":181,"column":17},"end":{"line":181,"column":18}},"loc":{"start":{"line":181,"column":28},"end":{"line":212,"column":5}},"line":181},"10":{"name":"(anonymous_10)","decl":{"start":{"line":184,"column":31},"end":{"line":184,"column":32}},"loc":{"start":{"line":184,"column":37},"end":{"line":184,"column":68}},"line":184},"11":{"name":"(anonymous_11)","decl":{"start":{"line":189,"column":17},"end":{"line":189,"column":18}},"loc":{"start":{"line":189,"column":32},"end":{"line":211,"column":7}},"line":189}},"branchMap":{"0":{"loc":{"start":{"line":58,"column":4},"end":{"line":62,"column":5}},"type":"if","locations":[{"start":{"line":58,"column":4},"end":{"line":62,"column":5}},{"start":{},"end":{}}],"line":58},"1":{"loc":{"start":{"line":58,"column":8},"end":{"line":58,"column":65}},"type":"binary-expr","locations":[{"start":{"line":58,"column":8},"end":{"line":58,"column":22}},{"start":{"line":58,"column":26},"end":{"line":58,"column":65}}],"line":58},"2":{"loc":{"start":{"line":63,"column":4},"end":{"line":65,"column":5}},"type":"if","locations":[{"start":{"line":63,"column":4},"end":{"line":65,"column":5}},{"start":{},"end":{}}],"line":63},"3":{"loc":{"start":{"line":125,"column":4},"end":{"line":129,"column":5}},"type":"if","locations":[{"start":{"line":125,"column":4},"end":{"line":129,"column":5}},{"start":{},"end":{}}],"line":125},"4":{"loc":{"start":{"line":140,"column":20},"end":{"line":142,"column":17}},"type":"cond-expr","locations":[{"start":{"line":141,"column":8},"end":{"line":141,"column":63}},{"start":{"line":142,"column":8},"end":{"line":142,"column":17}}],"line":140},"5":{"loc":{"start":{"line":143,"column":20},"end":{"line":145,"column":17}},"type":"cond-expr","locations":[{"start":{"line":144,"column":8},"end":{"line":144,"column":63}},{"start":{"line":145,"column":8},"end":{"line":145,"column":17}}],"line":143},"6":{"loc":{"start":{"line":146,"column":21},"end":{"line":148,"column":17}},"type":"cond-expr","locations":[{"start":{"line":147,"column":8},"end":{"line":147,"column":65}},{"start":{"line":148,"column":8},"end":{"line":148,"column":17}}],"line":146},"7":{"loc":{"start":{"line":152,"column":4},"end":{"line":154,"column":5}},"type":"if","locations":[{"start":{"line":152,"column":4},"end":{"line":154,"column":5}},{"start":{},"end":{}}],"line":152},"8":{"loc":{"start":{"line":158,"column":4},"end":{"line":162,"column":5}},"type":"if","locations":[{"start":{"line":158,"column":4},"end":{"line":162,"column":5}},{"start":{},"end":{}}],"line":158},"9":{"loc":{"start":{"line":158,"column":8},"end":{"line":158,"column":65}},"type":"binary-expr","locations":[{"start":{"line":158,"column":8},"end":{"line":158,"column":22}},{"start":{"line":158,"column":26},"end":{"line":158,"column":65}}],"line":158},"10":{"loc":{"start":{"line":191,"column":8},"end":{"line":209,"column":9}},"type":"switch","locations":[{"start":{"line":192,"column":10},"end":{"line":194,"column":18}},{"start":{"line":195,"column":10},"end":{"line":198,"column":18}},{"start":{"line":199,"column":10},"end":{"line":202,"column":18}},{"start":{"line":203,"column":10},"end":{"line":208,"column":18}}],"line":191},"11":{"loc":{"start":{"line":213,"column":4},"end":{"line":215,"column":5}},"type":"if","locations":[{"start":{"line":213,"column":4},"end":{"line":215,"column":5}},{"start":{},"end":{}}],"line":213},"12":{"loc":{"start":{"line":213,"column":8},"end":{"line":213,"column":65}},"type":"binary-expr","locations":[{"start":{"line":213,"column":8},"end":{"line":213,"column":22}},{"start":{"line":213,"column":26},"end":{"line":213,"column":65}}],"line":213}},"s":{"0":1,"1":1,"2":1,"3":1,"4":1,"5":1,"6":1,"7":1,"8":1,"9":1,"10":1,"11":1,"12":1,"13":1,"14":1,"15":5,"16":5,"17":5,"18":5,"19":2,"20":2,"21":2,"22":2,"23":2,"24":2,"25":2,"26":1,"27":1,"28":1,"29":1,"30":4,"31":1,"32":3,"33":3,"34":3,"35":3,"36":0,"37":0,"38":0,"39":0,"40":0,"41":0,"42":0,"43":0,"44":0,"45":0,"46":0,"47":0,"48":0,"49":0,"50":0,"51":0,"52":0,"53":0,"54":0,"55":0,"56":0,"57":0,"58":0,"59":0,"60":0,"61":1,"62":0,"63":0,"64":0,"65":0,"66":0,"67":0,"68":0,"69":0,"70":0,"71":0,"72":0,"73":0,"74":0,"75":0,"76":0,"77":0,"78":0,"79":0,"80":1,"81":2,"82":2,"83":2,"84":2,"85":1,"86":1,"87":0,"88":0,"89":0,"90":0,"91":0,"92":0,"93":0,"94":0,"95":0,"96":0,"97":0,"98":0,"99":0,"100":0,"101":0,"102":0,"103":0,"104":0,"105":0,"106":0,"107":0,"108":0,"109":0,"110":0,"111":0,"112":0,"113":2,"114":2,"115":1},"f":{"0":5,"1":3,"2":0,"3":0,"4":0,"5":0,"6":0,"7":0,"8":2,"9":0,"10":0,"11":0},"b":{"0":[3,0],"1":[3,0],"2":[0,0],"3":[0,0],"4":[0,0],"5":[0,0],"6":[0,0],"7":[0,0],"8":[0,0],"9":[0,0],"10":[0,0,0,0],"11":[0,0],"12":[0,0]},"_coverageSchema":"1a1c01bbd47fc00a2c39e90264f33305004495a9","hash":"922a482bdd7e8f1637b36d3297c0b3a1cf98843c"}
,"C:\\workspace\\projects\\rgbead-scraper\\kd-tree.js": {"path":"C:\\workspace\\projects\\rgbead-scraper\\kd-tree.js","statementMap":{"0":{"start":{"line":6,"column":4},"end":{"line":6,"column":26}},"1":{"start":{"line":9,"column":4},"end":{"line":14,"column":5}},"2":{"start":{"line":10,"column":6},"end":{"line":10,"column":24}},"3":{"start":{"line":11,"column":6},"end":{"line":11,"column":23}},"4":{"start":{"line":12,"column":6},"end":{"line":12,"column":24}},"5":{"start":{"line":13,"column":6},"end":{"line":13,"column":13}},"6":{"start":{"line":16,"column":4},"end":{"line":22,"column":5}},"7":{"start":{"line":17,"column":6},"end":{"line":17,"column":29}},"8":{"start":{"line":18,"column":6},"end":{"line":18,"column":28}},"9":{"start":{"line":19,"column":6},"end":{"line":19,"column":23}},"10":{"start":{"line":20,"column":6},"end":{"line":20,"column":24}},"11":{"start":{"line":21,"column":6},"end":{"line":21,"column":13}},"12":{"start":{"line":25,"column":4},"end":{"line":25,"column":55}},"13":{"start":{"line":25,"column":26},"end":{"line":25,"column":53}},"14":{"start":{"line":26,"column":21},"end":{"line":26,"column":50}},"15":{"start":{"line":29,"column":4},"end":{"line":29,"column":34}},"16":{"start":{"line":30,"column":4},"end":{"line":30,"column":65}},"17":{"start":{"line":31,"column":4},"end":{"line":31,"column":67}},"18":{"start":{"line":35,"column":19},"end":{"line":35,"column":47}},"19":{"start":{"line":36,"column":19},"end":{"line":36,"column":47}},"20":{"start":{"line":37,"column":19},"end":{"line":37,"column":47}},"21":{"start":{"line":38,"column":4},"end":{"line":38,"column":47}},"22":{"start":{"line":42,"column":4},"end":{"line":42,"column":37}},"23":{"start":{"line":46,"column":4},"end":{"line":46,"column":37}},"24":{"start":{"line":52,"column":19},"end":{"line":52,"column":65}},"25":{"start":{"line":53,"column":19},"end":{"line":53,"column":65}},"26":{"start":{"line":54,"column":22},"end":{"line":54,"column":43}},"27":{"start":{"line":55,"column":14},"end":{"line":55,"column":84}},"28":{"start":{"line":56,"column":20},"end":{"line":56,"column":39}},"29":{"start":{"line":57,"column":20},"end":{"line":57,"column":39}},"30":{"start":{"line":59,"column":20},"end":{"line":59,"column":64}},"31":{"start":{"line":60,"column":20},"end":{"line":60,"column":64}},"32":{"start":{"line":63,"column":4},"end":{"line":70,"column":5}},"33":{"start":{"line":64,"column":6},"end":{"line":64,"column":18}},"34":{"start":{"line":66,"column":6},"end":{"line":66,"column":63}},"35":{"start":{"line":67,"column":6},"end":{"line":69,"column":7}},"36":{"start":{"line":68,"column":8},"end":{"line":68,"column":23}},"37":{"start":{"line":73,"column":4},"end":{"line":80,"column":5}},"38":{"start":{"line":74,"column":6},"end":{"line":74,"column":18}},"39":{"start":{"line":76,"column":6},"end":{"line":76,"column":63}},"40":{"start":{"line":77,"column":6},"end":{"line":79,"column":7}},"41":{"start":{"line":78,"column":8},"end":{"line":78,"column":23}},"42":{"start":{"line":83,"column":19},"end":{"line":83,"column":40}},"43":{"start":{"line":84,"column":19},"end":{"line":84,"column":36}},"44":{"start":{"line":85,"column":24},"end":{"line":85,"column":41}},"45":{"start":{"line":86,"column":31},"end":{"line":86,"column":54}},"46":{"start":{"line":88,"column":4},"end":{"line":96,"column":5}},"47":{"start":{"line":89,"column":6},"end":{"line":89,"column":18}},"48":{"start":{"line":90,"column":11},"end":{"line":96,"column":5}},"49":{"start":{"line":91,"column":6},"end":{"line":91,"column":28}},"50":{"start":{"line":92,"column":11},"end":{"line":96,"column":5}},"51":{"start":{"line":93,"column":6},"end":{"line":93,"column":36}},"52":{"start":{"line":94,"column":11},"end":{"line":96,"column":5}},"53":{"start":{"line":95,"column":6},"end":{"line":95,"column":36}},"54":{"start":{"line":97,"column":19},"end":{"line":97,"column":93}},"55":{"start":{"line":101,"column":19},"end":{"line":101,"column":46}},"56":{"start":{"line":102,"column":19},"end":{"line":102,"column":42}},"57":{"start":{"line":104,"column":4},"end":{"line":112,"column":5}},"58":{"start":{"line":105,"column":6},"end":{"line":105,"column":39}},"59":{"start":{"line":106,"column":11},"end":{"line":112,"column":5}},"60":{"start":{"line":107,"column":6},"end":{"line":107,"column":45}},"61":{"start":{"line":108,"column":11},"end":{"line":112,"column":5}},"62":{"start":{"line":109,"column":6},"end":{"line":109,"column":45}},"63":{"start":{"line":110,"column":11},"end":{"line":112,"column":5}},"64":{"start":{"line":111,"column":6},"end":{"line":111,"column":33}},"65":{"start":{"line":114,"column":14},"end":{"line":115,"column":106}},"66":{"start":{"line":117,"column":31},"end":{"line":117,"column":64}},"67":{"start":{"line":118,"column":23},"end":{"line":118,"column":56}},"68":{"start":{"line":120,"column":15},"end":{"line":120,"column":73}},"69":{"start":{"line":121,"column":15},"end":{"line":121,"column":88}},"70":{"start":{"line":122,"column":15},"end":{"line":122,"column":35}},"71":{"start":{"line":123,"column":15},"end":{"line":123,"column":39}},"72":{"start":{"line":124,"column":15},"end":{"line":124,"column":67}},"73":{"start":{"line":126,"column":19},"end":{"line":126,"column":162}},"74":{"start":{"line":127,"column":20},"end":{"line":146,"column":5}},"75":{"start":{"line":147,"column":4},"end":{"line":147,"column":19}},"76":{"start":{"line":156,"column":4},"end":{"line":159,"column":5}},"77":{"start":{"line":158,"column":6},"end":{"line":158,"column":23}},"78":{"start":{"line":160,"column":17},"end":{"line":160,"column":26}},"79":{"start":{"line":161,"column":21},"end":{"line":161,"column":73}},"80":{"start":{"line":164,"column":4},"end":{"line":167,"column":5}},"81":{"start":{"line":166,"column":6},"end":{"line":166,"column":50}},"82":{"start":{"line":169,"column":22},"end":{"line":169,"column":77}},"83":{"start":{"line":170,"column":27},"end":{"line":170,"column":66}},"84":{"start":{"line":173,"column":4},"end":{"line":179,"column":5}},"85":{"start":{"line":174,"column":6},"end":{"line":178,"column":8}},"86":{"start":{"line":182,"column":4},"end":{"line":191,"column":5}},"87":{"start":{"line":186,"column":6},"end":{"line":190,"column":8}},"88":{"start":{"line":193,"column":4},"end":{"line":193,"column":21}},"89":{"start":{"line":197,"column":0},"end":{"line":197,"column":24}}},"fnMap":{"0":{"name":"(anonymous_0)","decl":{"start":{"line":5,"column":2},"end":{"line":5,"column":3}},"loc":{"start":{"line":5,"column":38},"end":{"line":32,"column":3}},"line":5},"1":{"name":"(anonymous_1)","decl":{"start":{"line":25,"column":16},"end":{"line":25,"column":17}},"loc":{"start":{"line":25,"column":26},"end":{"line":25,"column":53}},"line":25},"2":{"name":"(anonymous_2)","decl":{"start":{"line":34,"column":2},"end":{"line":34,"column":3}},"loc":{"start":{"line":34,"column":36},"end":{"line":39,"column":3}},"line":34},"3":{"name":"(anonymous_3)","decl":{"start":{"line":41,"column":2},"end":{"line":41,"column":3}},"loc":{"start":{"line":41,"column":21},"end":{"line":43,"column":3}},"line":41},"4":{"name":"(anonymous_4)","decl":{"start":{"line":45,"column":2},"end":{"line":45,"column":3}},"loc":{"start":{"line":45,"column":21},"end":{"line":47,"column":3}},"line":45},"5":{"name":"(anonymous_5)","decl":{"start":{"line":50,"column":2},"end":{"line":50,"column":3}},"loc":{"start":{"line":50,"column":58},"end":{"line":149,"column":3}},"line":50},"6":{"name":"(anonymous_6)","decl":{"start":{"line":151,"column":2},"end":{"line":151,"column":3}},"loc":{"start":{"line":155,"column":4},"end":{"line":194,"column":3}},"line":155}},"branchMap":{"0":{"loc":{"start":{"line":5,"column":14},"end":{"line":5,"column":25}},"type":"default-arg","locations":[{"start":{"line":5,"column":23},"end":{"line":5,"column":25}}],"line":5},"1":{"loc":{"start":{"line":5,"column":27},"end":{"line":5,"column":36}},"type":"default-arg","locations":[{"start":{"line":5,"column":35},"end":{"line":5,"column":36}}],"line":5},"2":{"loc":{"start":{"line":9,"column":4},"end":{"line":14,"column":5}},"type":"if","locations":[{"start":{"line":9,"column":4},"end":{"line":14,"column":5}},{"start":{},"end":{}}],"line":9},"3":{"loc":{"start":{"line":16,"column":4},"end":{"line":22,"column":5}},"type":"if","locations":[{"start":{"line":16,"column":4},"end":{"line":22,"column":5}},{"start":{},"end":{}}],"line":16},"4":{"loc":{"start":{"line":50,"column":34},"end":{"line":50,"column":40}},"type":"default-arg","locations":[{"start":{"line":50,"column":39},"end":{"line":50,"column":40}}],"line":50},"5":{"loc":{"start":{"line":50,"column":42},"end":{"line":50,"column":48}},"type":"default-arg","locations":[{"start":{"line":50,"column":47},"end":{"line":50,"column":48}}],"line":50},"6":{"loc":{"start":{"line":50,"column":50},"end":{"line":50,"column":56}},"type":"default-arg","locations":[{"start":{"line":50,"column":55},"end":{"line":50,"column":56}}],"line":50},"7":{"loc":{"start":{"line":63,"column":4},"end":{"line":70,"column":5}},"type":"if","locations":[{"start":{"line":63,"column":4},"end":{"line":70,"column":5}},{"start":{"line":65,"column":11},"end":{"line":70,"column":5}}],"line":63},"8":{"loc":{"start":{"line":63,"column":8},"end":{"line":63,"column":40}},"type":"binary-expr","locations":[{"start":{"line":63,"column":8},"end":{"line":63,"column":23}},{"start":{"line":63,"column":27},"end":{"line":63,"column":40}}],"line":63},"9":{"loc":{"start":{"line":67,"column":6},"end":{"line":69,"column":7}},"type":"if","locations":[{"start":{"line":67,"column":6},"end":{"line":69,"column":7}},{"start":{},"end":{}}],"line":67},"10":{"loc":{"start":{"line":73,"column":4},"end":{"line":80,"column":5}},"type":"if","locations":[{"start":{"line":73,"column":4},"end":{"line":80,"column":5}},{"start":{"line":75,"column":11},"end":{"line":80,"column":5}}],"line":73},"11":{"loc":{"start":{"line":73,"column":8},"end":{"line":73,"column":40}},"type":"binary-expr","locations":[{"start":{"line":73,"column":8},"end":{"line":73,"column":23}},{"start":{"line":73,"column":27},"end":{"line":73,"column":40}}],"line":73},"12":{"loc":{"start":{"line":77,"column":6},"end":{"line":79,"column":7}},"type":"if","locations":[{"start":{"line":77,"column":6},"end":{"line":79,"column":7}},{"start":{},"end":{}}],"line":77},"13":{"loc":{"start":{"line":88,"column":4},"end":{"line":96,"column":5}},"type":"if","locations":[{"start":{"line":88,"column":4},"end":{"line":96,"column":5}},{"start":{"line":90,"column":11},"end":{"line":96,"column":5}}],"line":88},"14":{"loc":{"start":{"line":90,"column":11},"end":{"line":96,"column":5}},"type":"if","locations":[{"start":{"line":90,"column":11},"end":{"line":96,"column":5}},{"start":{"line":92,"column":11},"end":{"line":96,"column":5}}],"line":90},"15":{"loc":{"start":{"line":90,"column":15},"end":{"line":90,"column":66}},"type":"binary-expr","locations":[{"start":{"line":90,"column":15},"end":{"line":90,"column":34}},{"start":{"line":90,"column":38},"end":{"line":90,"column":66}}],"line":90},"16":{"loc":{"start":{"line":92,"column":11},"end":{"line":96,"column":5}},"type":"if","locations":[{"start":{"line":92,"column":11},"end":{"line":96,"column":5}},{"start":{"line":94,"column":11},"end":{"line":96,"column":5}}],"line":92},"17":{"loc":{"start":{"line":92,"column":15},"end":{"line":92,"column":55}},"type":"binary-expr","locations":[{"start":{"line":92,"column":15},"end":{"line":92,"column":34}},{"start":{"line":92,"column":38},"end":{"line":92,"column":55}}],"line":92},"18":{"loc":{"start":{"line":94,"column":11},"end":{"line":96,"column":5}},"type":"if","locations":[{"start":{"line":94,"column":11},"end":{"line":96,"column":5}},{"start":{},"end":{}}],"line":94},"19":{"loc":{"start":{"line":94,"column":15},"end":{"line":94,"column":56}},"type":"binary-expr","locations":[{"start":{"line":94,"column":15},"end":{"line":94,"column":34}},{"start":{"line":94,"column":38},"end":{"line":94,"column":56}}],"line":94},"20":{"loc":{"start":{"line":104,"column":4},"end":{"line":112,"column":5}},"type":"if","locations":[{"start":{"line":104,"column":4},"end":{"line":112,"column":5}},{"start":{"line":106,"column":11},"end":{"line":112,"column":5}}],"line":104},"21":{"loc":{"start":{"line":104,"column":8},"end":{"line":104,"column":67}},"type":"binary-expr","locations":[{"start":{"line":104,"column":9},"end":{"line":104,"column":43}},{"start":{"line":104,"column":48},"end":{"line":104,"column":67}}],"line":104},"22":{"loc":{"start":{"line":106,"column":11},"end":{"line":112,"column":5}},"type":"if","locations":[{"start":{"line":106,"column":11},"end":{"line":112,"column":5}},{"start":{"line":108,"column":11},"end":{"line":112,"column":5}}],"line":106},"23":{"loc":{"start":{"line":106,"column":15},"end":{"line":106,"column":112}},"type":"binary-expr","locations":[{"start":{"line":106,"column":16},"end":{"line":106,"column":49}},{"start":{"line":106,"column":55},"end":{"line":106,"column":88}},{"start":{"line":106,"column":93},"end":{"line":106,"column":112}}],"line":106},"24":{"loc":{"start":{"line":108,"column":11},"end":{"line":112,"column":5}},"type":"if","locations":[{"start":{"line":108,"column":11},"end":{"line":112,"column":5}},{"start":{"line":110,"column":11},"end":{"line":112,"column":5}}],"line":108},"25":{"loc":{"start":{"line":108,"column":15},"end":{"line":108,"column":113}},"type":"binary-expr","locations":[{"start":{"line":108,"column":16},"end":{"line":108,"column":49}},{"start":{"line":108,"column":55},"end":{"line":108,"column":89}},{"start":{"line":108,"column":94},"end":{"line":108,"column":113}}],"line":108},"26":{"loc":{"start":{"line":110,"column":11},"end":{"line":112,"column":5}},"type":"if","locations":[{"start":{"line":110,"column":11},"end":{"line":112,"column":5}},{"start":{},"end":{}}],"line":110},"27":{"loc":{"start":{"line":153,"column":4},"end":{"line":153,"column":13}},"type":"default-arg","locations":[{"start":{"line":153,"column":12},"end":{"line":153,"column":13}}],"line":153},"28":{"loc":{"start":{"line":154,"column":4},"end":{"line":154,"column":51}},"type":"default-arg","locations":[{"start":{"line":154,"column":16},"end":{"line":154,"column":51}}],"line":154},"29":{"loc":{"start":{"line":156,"column":4},"end":{"line":159,"column":5}},"type":"if","locations":[{"start":{"line":156,"column":4},"end":{"line":159,"column":5}},{"start":{},"end":{}}],"line":156},"30":{"loc":{"start":{"line":164,"column":4},"end":{"line":167,"column":5}},"type":"if","locations":[{"start":{"line":164,"column":4},"end":{"line":167,"column":5}},{"start":{},"end":{}}],"line":164},"31":{"loc":{"start":{"line":169,"column":22},"end":{"line":169,"column":77}},"type":"cond-expr","locations":[{"start":{"line":169,"column":61},"end":{"line":169,"column":67}},{"start":{"line":169,"column":70},"end":{"line":169,"column":77}}],"line":169},"32":{"loc":{"start":{"line":170,"column":27},"end":{"line":170,"column":66}},"type":"cond-expr","locations":[{"start":{"line":170,"column":50},"end":{"line":170,"column":57}},{"start":{"line":170,"column":60},"end":{"line":170,"column":66}}],"line":170},"33":{"loc":{"start":{"line":173,"column":4},"end":{"line":179,"column":5}},"type":"if","locations":[{"start":{"line":173,"column":4},"end":{"line":179,"column":5}},{"start":{},"end":{}}],"line":173},"34":{"loc":{"start":{"line":182,"column":4},"end":{"line":191,"column":5}},"type":"if","locations":[{"start":{"line":182,"column":4},"end":{"line":191,"column":5}},{"start":{},"end":{}}],"line":182},"35":{"loc":{"start":{"line":183,"column":6},"end":{"line":184,"column":73}},"type":"binary-expr","locations":[{"start":{"line":183,"column":6},"end":{"line":183,"column":26}},{"start":{"line":184,"column":6},"end":{"line":184,"column":73}}],"line":183}},"s":{"0":91545,"1":91545,"2":13003,"3":13003,"4":13003,"5":13003,"6":78542,"7":32779,"8":32779,"9":32779,"10":32779,"11":32779,"12":45763,"13":4556421,"14":45763,"15":45763,"16":45763,"17":45763,"18":2,"19":2,"20":2,"21":2,"22":328,"23":984,"24":164,"25":164,"26":164,"27":164,"28":164,"29":164,"30":164,"31":164,"32":164,"33":0,"34":164,"35":164,"36":1,"37":164,"38":0,"39":164,"40":164,"41":1,"42":164,"43":164,"44":164,"45":164,"46":164,"47":0,"48":164,"49":163,"50":1,"51":0,"52":1,"53":0,"54":164,"55":164,"56":164,"57":164,"58":163,"59":1,"60":0,"61":1,"62":0,"63":1,"64":0,"65":164,"66":164,"67":164,"68":164,"69":164,"70":164,"71":164,"72":164,"73":164,"74":164,"75":164,"76":170,"77":7,"78":163,"79":163,"80":163,"81":18,"82":163,"83":163,"84":163,"85":140,"86":163,"87":22,"88":163,"89":2},"f":{"0":91545,"1":4556421,"2":2,"3":328,"4":984,"5":164,"6":170},"b":{"0":[2],"1":[19],"2":[13003,78542],"3":[32779,45763],"4":[164],"5":[164],"6":[164],"7":[0,164],"8":[164,0],"9":[1,163],"10":[0,164],"11":[164,0],"12":[1,163],"13":[0,164],"14":[163,1],"15":[164,164],"16":[0,1],"17":[1,1],"18":[0,1],"19":[1,1],"20":[163,1],"21":[164,163],"22":[0,1],"23":[1,0,0],"24":[0,1],"25":[1,0,0],"26":[0,1],"27":[8],"28":[8],"29":[7,163],"30":[18,145],"31":[86,77],"32":[86,77],"33":[140,23],"34":[22,141],"35":[163,140]},"_coverageSchema":"1a1c01bbd47fc00a2c39e90264f33305004495a9","hash":"7430205a5b1a17c2cf4c81317e088be583281c7b"}
,"C:\\workspace\\projects\\rgbead-scraper\\matrix-transformations.js": {"path":"C:\\workspace\\projects\\rgbead-scraper\\matrix-transformations.js","statementMap":{"0":{"start":{"line":1,"column":15},"end":{"line":1,"column":35}},"1":{"start":{"line":5,"column":17},"end":{"line":5,"column":19}},"2":{"start":{"line":6,"column":2},"end":{"line":16,"column":3}},"3":{"start":{"line":6,"column":15},"end":{"line":6,"column":16}},"4":{"start":{"line":7,"column":14},"end":{"line":7,"column":23}},"5":{"start":{"line":8,"column":14},"end":{"line":8,"column":27}},"6":{"start":{"line":9,"column":14},"end":{"line":9,"column":27}},"7":{"start":{"line":10,"column":14},"end":{"line":10,"column":27}},"8":{"start":{"line":11,"column":21},"end":{"line":11,"column":43}},"9":{"start":{"line":13,"column":4},"end":{"line":15,"column":5}},"10":{"start":{"line":14,"column":6},"end":{"line":14,"column":40}},"11":{"start":{"line":17,"column":2},"end":{"line":17,"column":16}},"12":{"start":{"line":21,"column":2},"end":{"line":23,"column":3}},"13":{"start":{"line":22,"column":4},"end":{"line":22,"column":74}},"14":{"start":{"line":25,"column":12},"end":{"line":25,"column":14}},"15":{"start":{"line":26,"column":12},"end":{"line":26,"column":14}},"16":{"start":{"line":27,"column":12},"end":{"line":27,"column":14}},"17":{"start":{"line":28,"column":12},"end":{"line":28,"column":14}},"18":{"start":{"line":31,"column":2},"end":{"line":38,"column":3}},"19":{"start":{"line":32,"column":4},"end":{"line":37,"column":5}},"20":{"start":{"line":32,"column":17},"end":{"line":32,"column":18}},"21":{"start":{"line":33,"column":6},"end":{"line":33,"column":26}},"22":{"start":{"line":34,"column":6},"end":{"line":34,"column":30}},"23":{"start":{"line":35,"column":6},"end":{"line":35,"column":30}},"24":{"start":{"line":36,"column":6},"end":{"line":36,"column":30}},"25":{"start":{"line":41,"column":2},"end":{"line":47,"column":3}},"26":{"start":{"line":42,"column":4},"end":{"line":46,"column":5}},"27":{"start":{"line":42,"column":17},"end":{"line":42,"column":18}},"28":{"start":{"line":43,"column":6},"end":{"line":43,"column":26}},"29":{"start":{"line":44,"column":6},"end":{"line":44,"column":30}},"30":{"start":{"line":45,"column":6},"end":{"line":45,"column":30}},"31":{"start":{"line":50,"column":2},"end":{"line":50,"column":49}},"32":{"start":{"line":55,"column":2},"end":{"line":62,"column":3}},"33":{"start":{"line":59,"column":31},"end":{"line":59,"column":70}},"34":{"start":{"line":61,"column":4},"end":{"line":61,"column":52}},"35":{"start":{"line":64,"column":2},"end":{"line":71,"column":3}},"36":{"start":{"line":68,"column":31},"end":{"line":68,"column":70}},"37":{"start":{"line":70,"column":4},"end":{"line":70,"column":52}},"38":{"start":{"line":73,"column":28},"end":{"line":77,"column":3}},"39":{"start":{"line":78,"column":12},"end":{"line":78,"column":25}},"40":{"start":{"line":79,"column":12},"end":{"line":79,"column":25}},"41":{"start":{"line":80,"column":12},"end":{"line":80,"column":25}},"42":{"start":{"line":83,"column":12},"end":{"line":83,"column":79}},"43":{"start":{"line":86,"column":24},"end":{"line":86,"column":33}},"44":{"start":{"line":89,"column":27},"end":{"line":91,"column":3}},"45":{"start":{"line":90,"column":4},"end":{"line":90,"column":42}},"46":{"start":{"line":90,"column":30},"end":{"line":90,"column":41}},"47":{"start":{"line":94,"column":27},"end":{"line":98,"column":3}},"48":{"start":{"line":95,"column":4},"end":{"line":97,"column":5}},"49":{"start":{"line":96,"column":6},"end":{"line":96,"column":79}},"50":{"start":{"line":102,"column":16},"end":{"line":102,"column":40}},"51":{"start":{"line":103,"column":16},"end":{"line":103,"column":43}},"52":{"start":{"line":104,"column":16},"end":{"line":104,"column":42}},"53":{"start":{"line":107,"column":17},"end":{"line":109,"column":36}},"54":{"start":{"line":109,"column":15},"end":{"line":109,"column":35}},"55":{"start":{"line":112,"column":2},"end":{"line":119,"column":3}},"56":{"start":{"line":112,"column":15},"end":{"line":112,"column":16}},"57":{"start":{"line":113,"column":4},"end":{"line":118,"column":5}},"58":{"start":{"line":113,"column":17},"end":{"line":113,"column":18}},"59":{"start":{"line":114,"column":6},"end":{"line":117,"column":7}},"60":{"start":{"line":114,"column":19},"end":{"line":114,"column":20}},"61":{"start":{"line":116,"column":8},"end":{"line":116,"column":73}},"62":{"start":{"line":122,"column":2},"end":{"line":122,"column":28}},"63":{"start":{"line":126,"column":2},"end":{"line":126,"column":62}},"64":{"start":{"line":130,"column":22},"end":{"line":130,"column":30}},"65":{"start":{"line":133,"column":34},"end":{"line":133,"column":44}},"66":{"start":{"line":138,"column":13},"end":{"line":138,"column":19}},"67":{"start":{"line":139,"column":13},"end":{"line":139,"column":19}},"68":{"start":{"line":140,"column":13},"end":{"line":140,"column":19}},"69":{"start":{"line":143,"column":13},"end":{"line":143,"column":48}},"70":{"start":{"line":144,"column":13},"end":{"line":144,"column":48}},"71":{"start":{"line":145,"column":13},"end":{"line":145,"column":48}},"72":{"start":{"line":148,"column":12},"end":{"line":148,"column":25}},"73":{"start":{"line":149,"column":12},"end":{"line":149,"column":27}},"74":{"start":{"line":150,"column":12},"end":{"line":150,"column":27}},"75":{"start":{"line":152,"column":2},"end":{"line":152,"column":19}},"76":{"start":{"line":156,"column":12},"end":{"line":156,"column":23}},"77":{"start":{"line":157,"column":12},"end":{"line":157,"column":23}},"78":{"start":{"line":158,"column":12},"end":{"line":158,"column":23}},"79":{"start":{"line":160,"column":34},"end":{"line":160,"column":44}},"80":{"start":{"line":163,"column":16},"end":{"line":163,"column":22}},"81":{"start":{"line":164,"column":19},"end":{"line":164,"column":78}},"82":{"start":{"line":164,"column":27},"end":{"line":164,"column":77}},"83":{"start":{"line":167,"column":13},"end":{"line":167,"column":27}},"84":{"start":{"line":168,"column":13},"end":{"line":168,"column":25}},"85":{"start":{"line":169,"column":13},"end":{"line":169,"column":25}},"86":{"start":{"line":172,"column":13},"end":{"line":172,"column":25}},"87":{"start":{"line":173,"column":13},"end":{"line":173,"column":25}},"88":{"start":{"line":174,"column":13},"end":{"line":174,"column":25}},"89":{"start":{"line":177,"column":12},"end":{"line":177,"column":19}},"90":{"start":{"line":178,"column":12},"end":{"line":178,"column":19}},"91":{"start":{"line":179,"column":12},"end":{"line":179,"column":19}},"92":{"start":{"line":183,"column":2},"end":{"line":183,"column":21}},"93":{"start":{"line":187,"column":22},"end":{"line":187,"column":30}},"94":{"start":{"line":190,"column":12},"end":{"line":194,"column":3}},"95":{"start":{"line":197,"column":18},"end":{"line":197,"column":57}},"96":{"start":{"line":198,"column":18},"end":{"line":198,"column":57}},"97":{"start":{"line":199,"column":18},"end":{"line":199,"column":57}},"98":{"start":{"line":202,"column":23},"end":{"line":203,"column":69}},"99":{"start":{"line":203,"column":4},"end":{"line":203,"column":69}},"100":{"start":{"line":206,"column":12},"end":{"line":206,"column":59}},"101":{"start":{"line":207,"column":12},"end":{"line":207,"column":59}},"102":{"start":{"line":208,"column":12},"end":{"line":208,"column":59}},"103":{"start":{"line":217,"column":2},"end":{"line":221,"column":4}},"104":{"start":{"line":226,"column":17},"end":{"line":226,"column":93}},"105":{"start":{"line":226,"column":80},"end":{"line":226,"column":92}},"106":{"start":{"line":229,"column":16},"end":{"line":229,"column":92}},"107":{"start":{"line":229,"column":64},"end":{"line":229,"column":91}},"108":{"start":{"line":232,"column":28},"end":{"line":232,"column":44}},"109":{"start":{"line":233,"column":28},"end":{"line":233,"column":57}},"110":{"start":{"line":235,"column":32},"end":{"line":235,"column":54}},"111":{"start":{"line":236,"column":33},"end":{"line":236,"column":66}},"112":{"start":{"line":239,"column":27},"end":{"line":239,"column":29}},"113":{"start":{"line":240,"column":2},"end":{"line":253,"column":3}},"114":{"start":{"line":240,"column":15},"end":{"line":240,"column":16}},"115":{"start":{"line":241,"column":18},"end":{"line":241,"column":20}},"116":{"start":{"line":242,"column":4},"end":{"line":244,"column":5}},"117":{"start":{"line":242,"column":17},"end":{"line":242,"column":18}},"118":{"start":{"line":243,"column":6},"end":{"line":243,"column":46}},"119":{"start":{"line":245,"column":21},"end":{"line":249,"column":5}},"120":{"start":{"line":250,"column":21},"end":{"line":250,"column":54}},"121":{"start":{"line":252,"column":4},"end":{"line":252,"column":36}},"122":{"start":{"line":256,"column":32},"end":{"line":256,"column":34}},"123":{"start":{"line":257,"column":2},"end":{"line":270,"column":3}},"124":{"start":{"line":257,"column":15},"end":{"line":257,"column":16}},"125":{"start":{"line":258,"column":18},"end":{"line":258,"column":20}},"126":{"start":{"line":259,"column":4},"end":{"line":261,"column":5}},"127":{"start":{"line":259,"column":17},"end":{"line":259,"column":18}},"128":{"start":{"line":260,"column":6},"end":{"line":260,"column":51}},"129":{"start":{"line":262,"column":21},"end":{"line":266,"column":5}},"130":{"start":{"line":267,"column":21},"end":{"line":267,"column":54}},"131":{"start":{"line":269,"column":4},"end":{"line":269,"column":41}},"132":{"start":{"line":274,"column":26},"end":{"line":274,"column":59}},"133":{"start":{"line":276,"column":19},"end":{"line":276,"column":21}},"134":{"start":{"line":277,"column":2},"end":{"line":288,"column":3}},"135":{"start":{"line":277,"column":15},"end":{"line":277,"column":16}},"136":{"start":{"line":278,"column":21},"end":{"line":278,"column":93}},"137":{"start":{"line":279,"column":21},"end":{"line":279,"column":72}},"138":{"start":{"line":281,"column":21},"end":{"line":281,"column":39}},"139":{"start":{"line":282,"column":22},"end":{"line":282,"column":75}},"140":{"start":{"line":287,"column":4},"end":{"line":287,"column":29}},"141":{"start":{"line":290,"column":20},"end":{"line":290,"column":52}},"142":{"start":{"line":291,"column":23},"end":{"line":291,"column":79}},"143":{"start":{"line":291,"column":56},"end":{"line":291,"column":78}},"144":{"start":{"line":293,"column":31},"end":{"line":293,"column":33}},"145":{"start":{"line":294,"column":2},"end":{"line":296,"column":3}},"146":{"start":{"line":294,"column":15},"end":{"line":294,"column":16}},"147":{"start":{"line":295,"column":4},"end":{"line":295,"column":57}},"148":{"start":{"line":298,"column":24},"end":{"line":298,"column":26}},"149":{"start":{"line":299,"column":2},"end":{"line":312,"column":3}},"150":{"start":{"line":299,"column":15},"end":{"line":299,"column":16}},"151":{"start":{"line":300,"column":21},"end":{"line":301,"column":8}},"152":{"start":{"line":303,"column":28},"end":{"line":305,"column":18}},"153":{"start":{"line":306,"column":4},"end":{"line":311,"column":6}},"154":{"start":{"line":313,"column":2},"end":{"line":313,"column":50}},"155":{"start":{"line":316,"column":0},"end":{"line":325,"column":2}}},"fnMap":{"0":{"name":"parseColors","decl":{"start":{"line":4,"column":9},"end":{"line":4,"column":20}},"loc":{"start":{"line":4,"column":29},"end":{"line":18,"column":1}},"line":4},"1":{"name":"toMatrix","decl":{"start":{"line":20,"column":9},"end":{"line":20,"column":17}},"loc":{"start":{"line":20,"column":48},"end":{"line":51,"column":1}},"line":20},"2":{"name":"RGBAtoXYZA","decl":{"start":{"line":53,"column":9},"end":{"line":53,"column":19}},"loc":{"start":{"line":53,"column":32},"end":{"line":123,"column":1}},"line":53},"3":{"name":"(anonymous_3)","decl":{"start":{"line":59,"column":22},"end":{"line":59,"column":23}},"loc":{"start":{"line":59,"column":31},"end":{"line":59,"column":70}},"line":59},"4":{"name":"(anonymous_4)","decl":{"start":{"line":68,"column":22},"end":{"line":68,"column":23}},"loc":{"start":{"line":68,"column":31},"end":{"line":68,"column":70}},"line":68},"5":{"name":"(anonymous_5)","decl":{"start":{"line":89,"column":45},"end":{"line":89,"column":46}},"loc":{"start":{"line":90,"column":4},"end":{"line":90,"column":42}},"line":90},"6":{"name":"(anonymous_6)","decl":{"start":{"line":90,"column":19},"end":{"line":90,"column":20}},"loc":{"start":{"line":90,"column":30},"end":{"line":90,"column":41}},"line":90},"7":{"name":"(anonymous_7)","decl":{"start":{"line":94,"column":48},"end":{"line":94,"column":49}},"loc":{"start":{"line":95,"column":4},"end":{"line":97,"column":5}},"line":95},"8":{"name":"(anonymous_8)","decl":{"start":{"line":95,"column":19},"end":{"line":95,"column":20}},"loc":{"start":{"line":96,"column":6},"end":{"line":96,"column":79}},"line":96},"9":{"name":"(anonymous_9)","decl":{"start":{"line":109,"column":9},"end":{"line":109,"column":10}},"loc":{"start":{"line":109,"column":15},"end":{"line":109,"column":35}},"line":109},"10":{"name":"transformationFunction_XYZtoLAB","decl":{"start":{"line":125,"column":9},"end":{"line":125,"column":40}},"loc":{"start":{"line":125,"column":44},"end":{"line":127,"column":1}},"line":125},"11":{"name":"XYZtoLab","decl":{"start":{"line":129,"column":9},"end":{"line":129,"column":17}},"loc":{"start":{"line":129,"column":75},"end":{"line":153,"column":1}},"line":129},"12":{"name":"LabToXYZ","decl":{"start":{"line":155,"column":9},"end":{"line":155,"column":17}},"loc":{"start":{"line":155,"column":75},"end":{"line":184,"column":1}},"line":155},"13":{"name":"(anonymous_13)","decl":{"start":{"line":164,"column":19},"end":{"line":164,"column":20}},"loc":{"start":{"line":164,"column":27},"end":{"line":164,"column":77}},"line":164},"14":{"name":"XYZtoRGB","decl":{"start":{"line":186,"column":9},"end":{"line":186,"column":17}},"loc":{"start":{"line":186,"column":28},"end":{"line":222,"column":1}},"line":186},"15":{"name":"(anonymous_15)","decl":{"start":{"line":202,"column":23},"end":{"line":202,"column":24}},"loc":{"start":{"line":203,"column":4},"end":{"line":203,"column":69}},"line":203},"16":{"name":"processImage","decl":{"start":{"line":224,"column":9},"end":{"line":224,"column":21}},"loc":{"start":{"line":224,"column":45},"end":{"line":314,"column":1}},"line":224},"17":{"name":"(anonymous_17)","decl":{"start":{"line":226,"column":60},"end":{"line":226,"column":61}},"loc":{"start":{"line":226,"column":80},"end":{"line":226,"column":92}},"line":226},"18":{"name":"(anonymous_18)","decl":{"start":{"line":229,"column":53},"end":{"line":229,"column":54}},"loc":{"start":{"line":229,"column":64},"end":{"line":229,"column":91}},"line":229},"19":{"name":"(anonymous_19)","decl":{"start":{"line":291,"column":36},"end":{"line":291,"column":37}},"loc":{"start":{"line":291,"column":56},"end":{"line":291,"column":78}},"line":291}},"branchMap":{"0":{"loc":{"start":{"line":13,"column":4},"end":{"line":15,"column":5}},"type":"if","locations":[{"start":{"line":13,"column":4},"end":{"line":15,"column":5}},{"start":{},"end":{}}],"line":13},"1":{"loc":{"start":{"line":20,"column":28},"end":{"line":20,"column":46}},"type":"default-arg","locations":[{"start":{"line":20,"column":40},"end":{"line":20,"column":46}}],"line":20},"2":{"loc":{"start":{"line":21,"column":2},"end":{"line":23,"column":3}},"type":"if","locations":[{"start":{"line":21,"column":2},"end":{"line":23,"column":3}},{"start":{},"end":{}}],"line":21},"3":{"loc":{"start":{"line":21,"column":6},"end":{"line":21,"column":60}},"type":"binary-expr","locations":[{"start":{"line":21,"column":6},"end":{"line":21,"column":31}},{"start":{"line":21,"column":35},"end":{"line":21,"column":60}}],"line":21},"4":{"loc":{"start":{"line":31,"column":2},"end":{"line":38,"column":3}},"type":"if","locations":[{"start":{"line":31,"column":2},"end":{"line":38,"column":3}},{"start":{},"end":{}}],"line":31},"5":{"loc":{"start":{"line":41,"column":2},"end":{"line":47,"column":3}},"type":"if","locations":[{"start":{"line":41,"column":2},"end":{"line":47,"column":3}},{"start":{},"end":{}}],"line":41},"6":{"loc":{"start":{"line":50,"column":9},"end":{"line":50,"column":48}},"type":"cond-expr","locations":[{"start":{"line":50,"column":24},"end":{"line":50,"column":36}},{"start":{"line":50,"column":39},"end":{"line":50,"column":48}}],"line":50},"7":{"loc":{"start":{"line":55,"column":2},"end":{"line":62,"column":3}},"type":"if","locations":[{"start":{"line":55,"column":2},"end":{"line":62,"column":3}},{"start":{},"end":{}}],"line":55},"8":{"loc":{"start":{"line":56,"column":4},"end":{"line":59,"column":72}},"type":"binary-expr","locations":[{"start":{"line":56,"column":4},"end":{"line":56,"column":27}},{"start":{"line":57,"column":5},"end":{"line":57,"column":31}},{"start":{"line":58,"column":6},"end":{"line":58,"column":27}},{"start":{"line":59,"column":6},"end":{"line":59,"column":71}}],"line":56},"9":{"loc":{"start":{"line":59,"column":31},"end":{"line":59,"column":70}},"type":"binary-expr","locations":[{"start":{"line":59,"column":31},"end":{"line":59,"column":50}},{"start":{"line":59,"column":54},"end":{"line":59,"column":70}}],"line":59},"10":{"loc":{"start":{"line":64,"column":2},"end":{"line":71,"column":3}},"type":"if","locations":[{"start":{"line":64,"column":2},"end":{"line":71,"column":3}},{"start":{},"end":{}}],"line":64},"11":{"loc":{"start":{"line":65,"column":4},"end":{"line":68,"column":72}},"type":"binary-expr","locations":[{"start":{"line":65,"column":4},"end":{"line":65,"column":27}},{"start":{"line":66,"column":5},"end":{"line":66,"column":31}},{"start":{"line":67,"column":6},"end":{"line":67,"column":27}},{"start":{"line":68,"column":6},"end":{"line":68,"column":71}}],"line":65},"12":{"loc":{"start":{"line":68,"column":31},"end":{"line":68,"column":70}},"type":"binary-expr","locations":[{"start":{"line":68,"column":31},"end":{"line":68,"column":50}},{"start":{"line":68,"column":54},"end":{"line":68,"column":70}}],"line":68},"13":{"loc":{"start":{"line":83,"column":12},"end":{"line":83,"column":79}},"type":"cond-expr","locations":[{"start":{"line":83,"column":38},"end":{"line":83,"column":51}},{"start":{"line":83,"column":54},"end":{"line":83,"column":79}}],"line":83},"14":{"loc":{"start":{"line":96,"column":6},"end":{"line":96,"column":79}},"type":"cond-expr","locations":[{"start":{"line":96,"column":25},"end":{"line":96,"column":38}},{"start":{"line":96,"column":41},"end":{"line":96,"column":79}}],"line":96},"15":{"loc":{"start":{"line":126,"column":9},"end":{"line":126,"column":61}},"type":"cond-expr","locations":[{"start":{"line":126,"column":24},"end":{"line":126,"column":36}},{"start":{"line":126,"column":39},"end":{"line":126,"column":61}}],"line":126},"16":{"loc":{"start":{"line":129,"column":28},"end":{"line":129,"column":73}},"type":"default-arg","locations":[{"start":{"line":129,"column":41},"end":{"line":129,"column":73}}],"line":129},"17":{"loc":{"start":{"line":155,"column":28},"end":{"line":155,"column":73}},"type":"default-arg","locations":[{"start":{"line":155,"column":41},"end":{"line":155,"column":73}}],"line":155},"18":{"loc":{"start":{"line":164,"column":27},"end":{"line":164,"column":77}},"type":"cond-expr","locations":[{"start":{"line":164,"column":39},"end":{"line":164,"column":45}},{"start":{"line":164,"column":48},"end":{"line":164,"column":77}}],"line":164},"19":{"loc":{"start":{"line":203,"column":4},"end":{"line":203,"column":69}},"type":"cond-expr","locations":[{"start":{"line":203,"column":21},"end":{"line":203,"column":30}},{"start":{"line":203,"column":33},"end":{"line":203,"column":69}}],"line":203}},"s":{"0":1,"1":5,"2":5,"3":5,"4":10010,"5":10010,"6":10010,"7":10010,"8":10010,"9":10010,"10":10008,"11":5,"12":5,"13":1,"14":4,"15":4,"16":4,"17":4,"18":4,"19":2,"20":2,"21":4,"22":4,"23":4,"24":4,"25":4,"26":2,"27":2,"28":4,"29":4,"30":4,"31":4,"32":9,"33":9,"34":1,"35":8,"36":16,"37":1,"38":7,"39":7,"40":7,"41":7,"42":7,"43":7,"44":7,"45":21,"46":51,"47":7,"48":21,"49":51,"50":7,"51":7,"52":7,"53":7,"54":21,"55":7,"56":7,"57":21,"58":21,"59":51,"60":51,"61":153,"62":7,"63":17,"64":5,"65":5,"66":5,"67":5,"68":5,"69":5,"70":5,"71":5,"72":5,"73":5,"74":5,"75":5,"76":3,"77":2,"78":2,"79":2,"80":2,"81":2,"82":6,"83":2,"84":2,"85":2,"86":2,"87":2,"88":2,"89":2,"90":2,"91":2,"92":2,"93":2,"94":2,"95":2,"96":2,"97":2,"98":2,"99":6,"100":2,"101":2,"102":2,"103":2,"104":1,"105":2,"106":1,"107":2,"108":1,"109":1,"110":1,"111":1,"112":1,"113":1,"114":1,"115":2,"116":2,"117":2,"118":6,"119":2,"120":2,"121":2,"122":1,"123":1,"124":1,"125":2,"126":2,"127":2,"128":6,"129":2,"130":2,"131":2,"132":1,"133":1,"134":1,"135":1,"136":1,"137":1,"138":1,"139":0,"140":0,"141":0,"142":0,"143":0,"144":0,"145":0,"146":0,"147":0,"148":0,"149":0,"150":0,"151":0,"152":0,"153":0,"154":0,"155":1},"f":{"0":5,"1":5,"2":9,"3":9,"4":16,"5":21,"6":51,"7":21,"8":51,"9":21,"10":17,"11":5,"12":3,"13":6,"14":2,"15":6,"16":1,"17":2,"18":2,"19":0},"b":{"0":[10008,2],"1":[3],"2":[1,4],"3":[5,3],"4":[2,2],"5":[2,2],"6":[2,2],"7":[1,8],"8":[9,3,3,3],"9":[9,9],"10":[1,7],"11":[8,6,6,6],"12":[16,16],"13":[2,5],"14":[23,28],"15":[10,7],"16":[5],"17":[3],"18":[6,0],"19":[0,6]},"_coverageSchema":"1a1c01bbd47fc00a2c39e90264f33305004495a9","hash":"2e37f6000b312e75de1b43b5055c512c3100a4d5"}
}
