TN:
SF:index.js
FN:19,(anonymous_0)
FN:55,(anonymous_1)
FN:94,readJSONFiles
FN:97,(anonymous_3)
FN:109,(anonymous_4)
FN:110,(anonymous_5)
FN:112,(anonymous_6)
FN:123,(anonymous_7)
FN:171,(anonymous_8)
FN:181,(anonymous_9)
FN:184,(anonymous_10)
FN:189,(anonymous_11)
FNF:12
FNH:3
FNDA:5,(anonymous_0)
FNDA:3,(anonymous_1)
FNDA:0,readJSONFiles
FNDA:0,(anonymous_3)
FNDA:0,(anonymous_4)
FNDA:0,(anonymous_5)
FNDA:0,(anonymous_6)
FNDA:0,(anonymous_7)
FNDA:2,(anonymous_8)
FNDA:0,(anonymous_9)
FNDA:0,(anonymous_10)
FNDA:0,(anonymous_11)
DA:1,1
DA:2,1
DA:3,1
DA:4,1
DA:5,1
DA:6,1
DA:7,1
DA:8,1
DA:9,1
DA:11,1
DA:12,1
DA:14,1
DA:15,1
DA:17,1
DA:19,1
DA:20,5
DA:21,5
DA:22,5
DA:23,5
DA:24,2
DA:25,2
DA:30,2
DA:31,2
DA:32,2
DA:33,2
DA:35,2
DA:39,1
DA:40,1
DA:42,1
DA:49,1
DA:51,4
DA:55,1
DA:56,3
DA:57,3
DA:58,3
DA:59,3
DA:63,0
DA:64,0
DA:66,0
DA:67,0
DA:68,0
DA:73,0
DA:74,0
DA:76,0
DA:81,0
DA:89,0
DA:90,0
DA:95,0
DA:96,0
DA:98,0
DA:99,0
DA:100,0
DA:102,0
DA:103,0
DA:108,0
DA:109,0
DA:110,0
DA:112,0
DA:117,0
DA:119,0
DA:123,1
DA:124,0
DA:125,0
DA:126,0
DA:135,0
DA:136,0
DA:140,0
DA:143,0
DA:146,0
DA:150,0
DA:151,0
DA:152,0
DA:153,0
DA:156,0
DA:158,0
DA:159,0
DA:164,0
DA:166,0
DA:167,0
DA:171,1
DA:172,2
DA:174,2
DA:176,2
DA:177,2
DA:179,1
DA:181,1
DA:182,0
DA:184,0
DA:185,0
DA:186,0
DA:189,0
DA:190,0
DA:191,0
DA:193,0
DA:194,0
DA:196,0
DA:197,0
DA:198,0
DA:200,0
DA:201,0
DA:202,0
DA:204,0
DA:205,0
DA:206,0
DA:207,0
DA:208,0
DA:210,0
DA:213,0
DA:214,0
DA:216,0
DA:217,0
DA:219,2
DA:220,2
DA:224,1
LF:114
LH:47
BRDA:58,0,0,3
BRDA:58,0,1,0
BRDA:58,1,0,3
BRDA:58,1,1,0
BRDA:63,2,0,0
BRDA:63,2,1,0
BRDA:125,3,0,0
BRDA:125,3,1,0
BRDA:140,4,0,0
BRDA:140,4,1,0
BRDA:143,5,0,0
BRDA:143,5,1,0
BRDA:146,6,0,0
BRDA:146,6,1,0
BRDA:152,7,0,0
BRDA:152,7,1,0
BRDA:158,8,0,0
BRDA:158,8,1,0
BRDA:158,9,0,0
BRDA:158,9,1,0
BRDA:191,10,0,0
BRDA:191,10,1,0
BRDA:191,10,2,0
BRDA:191,10,3,0
BRDA:213,11,0,0
BRDA:213,11,1,0
BRDA:213,12,0,0
BRDA:213,12,1,0
BRF:28
BRH:2
end_of_record
TN:
SF:kd-tree.js
FN:5,(anonymous_0)
FN:25,(anonymous_1)
FN:34,(anonymous_2)
FN:41,(anonymous_3)
FN:45,(anonymous_4)
FN:50,(anonymous_5)
FN:151,(anonymous_6)
FNF:7
FNH:7
FNDA:91545,(anonymous_0)
FNDA:4556421,(anonymous_1)
FNDA:2,(anonymous_2)
FNDA:328,(anonymous_3)
FNDA:984,(anonymous_4)
FNDA:164,(anonymous_5)
FNDA:170,(anonymous_6)
DA:6,91545
DA:9,91545
DA:10,13003
DA:11,13003
DA:12,13003
DA:13,13003
DA:16,78542
DA:17,32779
DA:18,32779
DA:19,32779
DA:20,32779
DA:21,32779
DA:25,4556421
DA:26,45763
DA:29,45763
DA:30,45763
DA:31,45763
DA:35,2
DA:36,2
DA:37,2
DA:38,2
DA:42,328
DA:46,984
DA:52,164
DA:53,164
DA:54,164
DA:55,164
DA:56,164
DA:57,164
DA:59,164
DA:60,164
DA:63,164
DA:64,0
DA:66,164
DA:67,164
DA:68,1
DA:73,164
DA:74,0
DA:76,164
DA:77,164
DA:78,1
DA:83,164
DA:84,164
DA:85,164
DA:86,164
DA:88,164
DA:89,0
DA:90,164
DA:91,163
DA:92,1
DA:93,0
DA:94,1
DA:95,0
DA:97,164
DA:101,164
DA:102,164
DA:104,164
DA:105,163
DA:106,1
DA:107,0
DA:108,1
DA:109,0
DA:110,1
DA:111,0
DA:114,164
DA:117,164
DA:118,164
DA:120,164
DA:121,164
DA:122,164
DA:123,164
DA:124,164
DA:126,164
DA:127,164
DA:147,164
DA:156,170
DA:158,7
DA:160,163
DA:161,163
DA:164,163
DA:166,18
DA:169,163
DA:170,163
DA:173,163
DA:174,140
DA:182,163
DA:186,22
DA:193,163
DA:197,2
LF:89
LH:81
BRDA:5,0,0,2
BRDA:5,1,0,19
BRDA:9,2,0,13003
BRDA:9,2,1,78542
BRDA:16,3,0,32779
BRDA:16,3,1,45763
BRDA:50,4,0,164
BRDA:50,5,0,164
BRDA:50,6,0,164
BRDA:63,7,0,0
BRDA:63,7,1,164
BRDA:63,8,0,164
BRDA:63,8,1,0
BRDA:67,9,0,1
BRDA:67,9,1,163
BRDA:73,10,0,0
BRDA:73,10,1,164
BRDA:73,11,0,164
BRDA:73,11,1,0
BRDA:77,12,0,1
BRDA:77,12,1,163
BRDA:88,13,0,0
BRDA:88,13,1,164
BRDA:90,14,0,163
BRDA:90,14,1,1
BRDA:90,15,0,164
BRDA:90,15,1,164
BRDA:92,16,0,0
BRDA:92,16,1,1
BRDA:92,17,0,1
BRDA:92,17,1,1
BRDA:94,18,0,0
BRDA:94,18,1,1
BRDA:94,19,0,1
BRDA:94,19,1,1
BRDA:104,20,0,163
BRDA:104,20,1,1
BRDA:104,21,0,164
BRDA:104,21,1,163
BRDA:106,22,0,0
BRDA:106,22,1,1
BRDA:106,23,0,1
BRDA:106,23,1,0
BRDA:106,23,2,0
BRDA:108,24,0,0
BRDA:108,24,1,1
BRDA:108,25,0,1
BRDA:108,25,1,0
BRDA:108,25,2,0
BRDA:110,26,0,0
BRDA:110,26,1,1
BRDA:153,27,0,8
BRDA:154,28,0,8
BRDA:156,29,0,7
BRDA:156,29,1,163
BRDA:164,30,0,18
BRDA:164,30,1,145
BRDA:169,31,0,86
BRDA:169,31,1,77
BRDA:170,32,0,86
BRDA:170,32,1,77
BRDA:173,33,0,140
BRDA:173,33,1,23
BRDA:182,34,0,22
BRDA:182,34,1,141
BRDA:183,35,0,163
BRDA:183,35,1,140
BRF:67
BRH:53
end_of_record
TN:
SF:matrix-transformations.js
FN:4,parseColors
FN:20,toMatrix
FN:53,RGBAtoXYZA
FN:59,(anonymous_3)
FN:68,(anonymous_4)
FN:89,(anonymous_5)
FN:90,(anonymous_6)
FN:94,(anonymous_7)
FN:95,(anonymous_8)
FN:109,(anonymous_9)
FN:125,transformationFunction_XYZtoLAB
FN:129,XYZtoLab
FN:155,LabToXYZ
FN:164,(anonymous_13)
FN:186,XYZtoRGB
FN:202,(anonymous_15)
FN:224,processImage
FN:226,(anonymous_17)
FN:229,(anonymous_18)
FN:291,(anonymous_19)
FNF:20
FNH:19
FNDA:5,parseColors
FNDA:5,toMatrix
FNDA:9,RGBAtoXYZA
FNDA:9,(anonymous_3)
FNDA:16,(anonymous_4)
FNDA:21,(anonymous_5)
FNDA:51,(anonymous_6)
FNDA:21,(anonymous_7)
FNDA:51,(anonymous_8)
FNDA:21,(anonymous_9)
FNDA:17,transformationFunction_XYZtoLAB
FNDA:5,XYZtoLab
FNDA:3,LabToXYZ
FNDA:6,(anonymous_13)
FNDA:2,XYZtoRGB
FNDA:6,(anonymous_15)
FNDA:1,processImage
FNDA:2,(anonymous_17)
FNDA:2,(anonymous_18)
FNDA:0,(anonymous_19)
DA:1,1
DA:5,5
DA:6,5
DA:7,10010
DA:8,10010
DA:9,10010
DA:10,10010
DA:11,10010
DA:13,10010
DA:14,10008
DA:17,5
DA:21,5
DA:22,1
DA:25,4
DA:26,4
DA:27,4
DA:28,4
DA:31,4
DA:32,2
DA:33,4
DA:34,4
DA:35,4
DA:36,4
DA:41,4
DA:42,2
DA:43,4
DA:44,4
DA:45,4
DA:50,4
DA:55,9
DA:59,9
DA:61,1
DA:64,8
DA:68,16
DA:70,1
DA:73,7
DA:78,7
DA:79,7
DA:80,7
DA:83,7
DA:86,7
DA:89,7
DA:90,51
DA:94,7
DA:95,21
DA:96,51
DA:102,7
DA:103,7
DA:104,7
DA:107,7
DA:109,21
DA:112,7
DA:113,21
DA:114,51
DA:116,153
DA:122,7
DA:126,17
DA:130,5
DA:133,5
DA:138,5
DA:139,5
DA:140,5
DA:143,5
DA:144,5
DA:145,5
DA:148,5
DA:149,5
DA:150,5
DA:152,5
DA:156,3
DA:157,2
DA:158,2
DA:160,2
DA:163,2
DA:164,6
DA:167,2
DA:168,2
DA:169,2
DA:172,2
DA:173,2
DA:174,2
DA:177,2
DA:178,2
DA:179,2
DA:183,2
DA:187,2
DA:190,2
DA:197,2
DA:198,2
DA:199,2
DA:202,2
DA:203,6
DA:206,2
DA:207,2
DA:208,2
DA:217,2
DA:226,2
DA:229,2
DA:232,1
DA:233,1
DA:235,1
DA:236,1
DA:239,1
DA:240,1
DA:241,2
DA:242,2
DA:243,6
DA:245,2
DA:250,2
DA:252,2
DA:256,1
DA:257,1
DA:258,2
DA:259,2
DA:260,6
DA:262,2
DA:267,2
DA:269,2
DA:274,1
DA:276,1
DA:277,1
DA:278,1
DA:279,1
DA:281,1
DA:282,0
DA:287,0
DA:290,0
DA:291,0
DA:293,0
DA:294,0
DA:295,0
DA:298,0
DA:299,0
DA:300,0
DA:303,0
DA:306,0
DA:313,0
DA:316,1
LF:138
LH:125
BRDA:13,0,0,10008
BRDA:13,0,1,2
BRDA:20,1,0,3
BRDA:21,2,0,1
BRDA:21,2,1,4
BRDA:21,3,0,5
BRDA:21,3,1,3
BRDA:31,4,0,2
BRDA:31,4,1,2
BRDA:41,5,0,2
BRDA:41,5,1,2
BRDA:50,6,0,2
BRDA:50,6,1,2
BRDA:55,7,0,1
BRDA:55,7,1,8
BRDA:56,8,0,9
BRDA:56,8,1,3
BRDA:56,8,2,3
BRDA:56,8,3,3
BRDA:59,9,0,9
BRDA:59,9,1,9
BRDA:64,10,0,1
BRDA:64,10,1,7
BRDA:65,11,0,8
BRDA:65,11,1,6
BRDA:65,11,2,6
BRDA:65,11,3,6
BRDA:68,12,0,16
BRDA:68,12,1,16
BRDA:83,13,0,2
BRDA:83,13,1,5
BRDA:96,14,0,23
BRDA:96,14,1,28
BRDA:126,15,0,10
BRDA:126,15,1,7
BRDA:129,16,0,5
BRDA:155,17,0,3
BRDA:164,18,0,6
BRDA:164,18,1,0
BRDA:203,19,0,0
BRDA:203,19,1,6
BRF:41
BRH:39
end_of_record
